Oct 13 21:51 : state_file: Unrecognized line in state file: ## Copyright (C) 2020-2021 Aditya Shakya <adi1090x@gmail.com>
Oct 13 21:51 : state_file: Unrecognized line in state file: ## Everyone is permitted to copy and distribute copies of this file under GNU-GPL3
Oct 13 21:51 : state_file: Unrecognized line in state file:
WARNING: Unhandled message: interface=org.freedesktop.DBus, path=/org/freedesktop/DBus, member=ActivatableServicesChanged
WARNING: Unhandled message: interface=org.freedesktop.DBus, path=/org/freedesktop/DBus, member=ActivatableServicesChanged
WARNING: Unhandled message: interface=org.freedesktop.DBus, path=/org/freedesktop/DBus, member=ActivatableServicesChanged
WARNING: Unhandled message: interface=org.freedesktop.DBus, path=/org/freedesktop/DBus, member=ActivatableServicesChanged
WARNING: Unhandled message: interface=org.freedesktop.DBus, path=/org/freedesktop/DBus, member=ActivatableServicesChanged
WARNING: Unhandled message: interface=org.freedesktop.DBus, path=/org/freedesktop/DBus, member=ActivatableServicesChanged
WARNING: Unhandled message: interface=org.freedesktop.DBus, path=/org/freedesktop/DBus, member=ActivatableServicesChanged
WARNING: Unhandled message: interface=org.freedesktop.DBus, path=/org/freedesktop/DBus, member=ActivatableServicesChanged
WARNING: Unhandled message: interface=org.freedesktop.DBus, path=/org/freedesktop/DBus, member=ActivatableServicesChanged
WARNING: Unhandled message: interface=org.freedesktop.DBus, path=/org/freedesktop/DBus, member=ActivatableServicesChanged
WARNING: Unhandled message: interface=org.freedesktop.DBus, path=/org/freedesktop/DBus, member=ActivatableServicesChanged
Oct 13 16:39 : player: played "NEFFEX - Grateful [Copyright Free].mp3"
Oct 13 16:43 : player: played "NEFFEX - Grateful [Copyright Free].mp3"
Oct 13 19:16 : player: played "Cartoon - On & On (feat. Daniel Levi) [NCS Release].mp3"
Oct 13 19:18 : player: played "Cartoon - On & On (feat. Daniel Levi) [NCS Release].mp3"
Oct 13 19:49 : exception: Failed to decode /home/sachin/Music/Culture Code - Make Me Move (feat. Karra) [NCS Release].mp3; Failed to open '/home/sachin/Music/Culture Code - Make Me Move (feat. Karra) [NCS Release].mp3': No such file or directory
Oct 13 19:49 : player: played "Culture Code - Make Me Move (feat. Karra) [NCS Release].mp3"
Oct 13 19:49 : exception: Failed to decode /home/sachin/Music/Culture Code - Make Me Move (feat. Karra) [NCS Release].mp3; Failed to open '/home/sachin/Music/Culture Code - Make Me Move (feat. Karra) [NCS Release].mp3': No such file or directory
Oct 13 19:49 : exception: Failed to decode /home/sachin/Music/Janji - Heroes Tonight (feat. Johnning) [NCS Release].mp3; Failed to open '/home/sachin/Music/Janji - Heroes Tonight (feat. Johnning) [NCS Release].mp3': No such file or directory
Oct 13 19:49 : player: played "Janji - Heroes Tonight (feat. Johnning) [NCS Release].mp3"
Oct 13 19:49 : exception: Failed to decode /home/sachin/Music/N3WPORT - Power (feat. braev) [NCS Release].mp3; Failed to open '/home/sachin/Music/N3WPORT - Power (feat. braev) [NCS Release].mp3': No such file or directory
Oct 13 19:49 : player: played "N3WPORT - Power (feat. braev) [NCS Release].mp3"
Oct 13 19:49 : exception: Failed to decode /home/sachin/Music/NEFFEX - Grateful [Copyright Free].mp3; Failed to open '/home/sachin/Music/NEFFEX - Grateful [Copyright Free].mp3': No such file or directory
Oct 13 19:49 : player: played "NEFFEX - Grateful [Copyright Free].mp3"
Oct 13 19:49 : exception: Failed to decode /home/sachin/Music/Cartoon - On & On (feat. Daniel Levi) [NCS Release].mp3; Failed to open '/home/sachin/Music/Cartoon - On & On (feat. Daniel Levi) [NCS Release].mp3': No such file or directory
Oct 13 19:49 : player: played "Cartoon - On & On (feat. Daniel Levi) [NCS Release].mp3"
Oct 13 19:49 : exception: Failed to decode /home/sachin/Music/Cartoon - On & On (feat. Daniel Levi) [NCS Release].mp3; Failed to open '/home/sachin/Music/Cartoon - On & On (feat. Daniel Levi) [NCS Release].mp3': No such file or directory
Oct 13 19:49 : player: played "Cartoon - On & On (feat. Daniel Levi) [NCS Release].mp3"
Oct 13 19:49 : exception: Failed to decode /home/sachin/Music/Culture Code - Make Me Move (feat. Karra) [NCS Release].mp3; Failed to open '/home/sachin/Music/Culture Code - Make Me Move (feat. Karra) [NCS Release].mp3': No such file or directory
Oct 13 19:49 : player: played "Culture Code - Make Me Move (feat. Karra) [NCS Release].mp3"
Oct 13 19:49 : exception: Failed to decode /home/sachin/Music/Janji - Heroes Tonight (feat. Johnning) [NCS Release].mp3; Failed to open '/home/sachin/Music/Janji - Heroes Tonight (feat. Johnning) [NCS Release].mp3': No such file or directory
Oct 13 19:49 : player: played "Janji - Heroes Tonight (feat. Johnning) [NCS Release].mp3"
Oct 13 19:49 : exception: Failed to decode /home/sachin/Music/N3WPORT - Power (feat. braev) [NCS Release].mp3; Failed to open '/home/sachin/Music/N3WPORT - Power (feat. braev) [NCS Release].mp3': No such file or directory
Oct 13 19:49 : player: played "N3WPORT - Power (feat. braev) [NCS Release].mp3"
Oct 13 19:49 : exception: Failed to decode /home/sachin/Music/NEFFEX - Grateful [Copyright Free].mp3; Failed to open '/home/sachin/Music/NEFFEX - Grateful [Copyright Free].mp3': No such file or directory
Oct 13 19:49 : player: played "NEFFEX - Grateful [Copyright Free].mp3"
WARNING: Unhandled message: interface=org.freedesktop.DBus, path=/org/freedesktop/DBus, member=ActivatableServicesChanged
WARNING: Unhandled message: interface=org.freedesktop.DBus, path=/org/freedesktop/DBus, member=ActivatableServicesChanged
WARNING: Unhandled message: interface=org.freedesktop.DBus, path=/org/freedesktop/DBus, member=ActivatableServicesChanged
WARNING: Unhandled message: interface=org.freedesktop.DBus, path=/org/freedesktop/DBus, member=ActivatableServicesChanged
WARNING: Unhandled message: interface=org.freedesktop.DBus, path=/org/freedesktop/DBus, member=ActivatableServicesChanged
WARNING: Unhandled message: interface=org.freedesktop.DBus, path=/org/freedesktop/DBus, member=ActivatableServicesChanged
WARNING: Unhandled message: interface=org.freedesktop.DBus, path=/org/freedesktop/DBus, member=ActivatableServicesChanged
WARNING: Unhandled message: interface=org.freedesktop.DBus, path=/org/freedesktop/DBus, member=ActivatableServicesChanged
WARNING: Unhandled message: interface=org.freedesktop.DBus, path=/org/freedesktop/DBus, member=ActivatableServicesChanged
WARNING: Unhandled message: interface=org.freedesktop.DBus, path=/org/freedesktop/DBus, member=ActivatableServicesChanged
WARNING: Unhandled message: interface=org.freedesktop.DBus, path=/org/freedesktop/DBus, member=ActivatableServicesChanged
WARNING: Unhandled message: interface=org.freedesktop.DBus, path=/org/freedesktop/DBus, member=ActivatableServicesChanged
WARNING: Unhandled message: interface=org.freedesktop.DBus, path=/org/freedesktop/DBus, member=ActivatableServicesChanged
WARNING: Unhandled message: interface=org.freedesktop.DBus, path=/org/freedesktop/DBus, member=ActivatableServicesChanged
WARNING: Unhandled message: interface=org.freedesktop.DBus, path=/org/freedesktop/DBus, member=ActivatableServicesChanged
WARNING: Unhandled message: interface=org.freedesktop.DBus, path=/org/freedesktop/DBus, member=ActivatableServicesChanged
WARNING: Unhandled message: interface=org.freedesktop.DBus, path=/org/freedesktop/DBus, member=ActivatableServicesChanged
WARNING: Unhandled message: interface=org.freedesktop.DBus, path=/org/freedesktop/DBus, member=ActivatableServicesChanged
WARNING: Unhandled message: interface=org.freedesktop.DBus, path=/org/freedesktop/DBus, member=ActivatableServicesChanged
WARNING: Unhandled message: interface=org.freedesktop.DBus, path=/org/freedesktop/DBus, member=ActivatableServicesChanged
WARNING: Unhandled message: interface=org.freedesktop.DBus, path=/org/freedesktop/DBus, member=ActivatableServicesChanged
WARNING: Unhandled message: interface=org.freedesktop.DBus, path=/org/freedesktop/DBus, member=ActivatableServicesChanged
WARNING: Unhandled message: interface=org.freedesktop.DBus, path=/org/freedesktop/DBus, member=ActivatableServicesChanged
WARNING: Unhandled message: interface=org.freedesktop.DBus, path=/org/freedesktop/DBus, member=ActivatableServicesChanged
WARNING: Unhandled message: interface=org.freedesktop.DBus, path=/org/freedesktop/DBus, member=ActivatableServicesChanged
WARNING: Unhandled message: interface=org.freedesktop.DBus, path=/org/freedesktop/DBus, member=ActivatableServicesChanged
WARNING: Unhandled message: interface=org.freedesktop.DBus, path=/org/freedesktop/DBus, member=ActivatableServicesChanged
WARNING: Unhandled message: interface=org.freedesktop.DBus, path=/org/freedesktop/DBus, member=ActivatableServicesChanged
WARNING: Unhandled message: interface=org.freedesktop.DBus, path=/org/freedesktop/DBus, member=ActivatableServicesChanged
WARNING: Unhandled message: interface=org.freedesktop.DBus, path=/org/freedesktop/DBus, member=ActivatableServicesChanged
WARNING: Unhandled message: interface=org.freedesktop.DBus, path=/org/freedesktop/DBus, member=ActivatableServicesChanged
WARNING: Unhandled message: interface=org.freedesktop.DBus, path=/org/freedesktop/DBus, member=ActivatableServicesChanged
WARNING: Unhandled message: interface=org.freedesktop.DBus, path=/org/freedesktop/DBus, member=ActivatableServicesChanged
WARNING: Unhandled message: interface=org.freedesktop.DBus, path=/org/freedesktop/DBus, member=ActivatableServicesChanged
WARNING: Unhandled message: interface=org.freedesktop.DBus, path=/org/freedesktop/DBus, member=ActivatableServicesChanged
WARNING: Unhandled message: interface=org.freedesktop.DBus, path=/org/freedesktop/DBus, member=ActivatableServicesChanged
WARNING: Unhandled message: interface=org.freedesktop.DBus, path=/org/freedesktop/DBus, member=ActivatableServicesChanged
WARNING: Unhandled message: interface=org.freedesktop.DBus, path=/org/freedesktop/DBus, member=ActivatableServicesChanged
Nov 02 21:36 : exception: Failed to decode /home/sachin/Music/NEFFEX - Grateful [Copyright Free].mp3; Failed to open '/home/sachin/Music/NEFFEX - Grateful [Copyright Free].mp3': No such file or directory
Nov 02 21:36 : player: played "NEFFEX - Grateful [Copyright Free].mp3"
Nov 02 21:36 : exception: Failed to decode /home/sachin/Music/Cartoon - On & On (feat. Daniel Levi) [NCS Release].mp3; Failed to open '/home/sachin/Music/Cartoon - On & On (feat. Daniel Levi) [NCS Release].mp3': No such file or directory
Nov 02 21:36 : player: played "Cartoon - On & On (feat. Daniel Levi) [NCS Release].mp3"
Nov 02 21:36 : exception: Failed to decode /home/sachin/Music/Culture Code - Make Me Move (feat. Karra) [NCS Release].mp3; Failed to open '/home/sachin/Music/Culture Code - Make Me Move (feat. Karra) [NCS Release].mp3': No such file or directory
Nov 02 21:36 : player: played "Culture Code - Make Me Move (feat. Karra) [NCS Release].mp3"
Nov 02 21:36 : exception: Failed to decode /home/sachin/Music/Janji - Heroes Tonight (feat. Johnning) [NCS Release].mp3; Failed to open '/home/sachin/Music/Janji - Heroes Tonight (feat. Johnning) [NCS Release].mp3': No such file or directory
Nov 02 21:36 : player: played "Janji - Heroes Tonight (feat. Johnning) [NCS Release].mp3"
Nov 02 21:36 : exception: Failed to decode /home/sachin/Music/N3WPORT - Power (feat. braev) [NCS Release].mp3; Failed to open '/home/sachin/Music/N3WPORT - Power (feat. braev) [NCS Release].mp3': No such file or directory
Nov 02 21:36 : player: played "N3WPORT - Power (feat. braev) [NCS Release].mp3"
WARNING: Unhandled message: interface=org.freedesktop.DBus, path=/org/freedesktop/DBus, member=ActivatableServicesChanged
WARNING: Unhandled message: interface=org.freedesktop.DBus, path=/org/freedesktop/DBus, member=ActivatableServicesChanged
WARNING: Unhandled message: interface=org.freedesktop.DBus, path=/org/freedesktop/DBus, member=ActivatableServicesChanged
WARNING: Unhandled message: interface=org.freedesktop.DBus, path=/org/freedesktop/DBus, member=ActivatableServicesChanged
WARNING: Unhandled message: interface=org.freedesktop.DBus, path=/org/freedesktop/DBus, member=ActivatableServicesChanged
WARNING: Unhandled message: interface=org.freedesktop.DBus, path=/org/freedesktop/DBus, member=ActivatableServicesChanged
WARNING: Unhandled message: interface=org.freedesktop.DBus, path=/org/freedesktop/DBus, member=ActivatableServicesChanged
WARNING: Unhandled message: interface=org.freedesktop.DBus, path=/org/freedesktop/DBus, member=ActivatableServicesChanged
WARNING: Unhandled message: interface=org.freedesktop.DBus, path=/org/freedesktop/DBus, member=ActivatableServicesChanged
WARNING: Unhandled message: interface=org.freedesktop.DBus, path=/org/freedesktop/DBus, member=ActivatableServicesChanged
WARNING: Unhandled message: interface=org.freedesktop.DBus, path=/org/freedesktop/DBus, member=ActivatableServicesChanged
WARNING: Unhandled message: interface=org.freedesktop.DBus, path=/org/freedesktop/DBus, member=ActivatableServicesChanged
WARNING: Unhandled message: interface=org.freedesktop.DBus, path=/org/freedesktop/DBus, member=ActivatableServicesChanged
WARNING: Unhandled message: interface=org.freedesktop.DBus, path=/org/freedesktop/DBus, member=ActivatableServicesChanged
WARNING: Unhandled message: interface=org.freedesktop.DBus, path=/org/freedesktop/DBus, member=ActivatableServicesChanged
WARNING: Unhandled message: interface=org.freedesktop.DBus, path=/org/freedesktop/DBus, member=ActivatableServicesChanged
WARNING: Unhandled message: interface=org.freedesktop.DBus, path=/org/freedesktop/DBus, member=ActivatableServicesChanged
WARNING: Unhandled message: interface=org.freedesktop.DBus, path=/org/freedesktop/DBus, member=ActivatableServicesChanged
WARNING: Unhandled message: interface=org.freedesktop.DBus, path=/org/freedesktop/DBus, member=ActivatableServicesChanged
WARNING: Unhandled message: interface=org.freedesktop.DBus, path=/org/freedesktop/DBus, member=ActivatableServicesChanged
WARNING: Unhandled message: interface=org.freedesktop.DBus, path=/org/freedesktop/DBus, member=ActivatableServicesChanged
WARNING: Unhandled message: interface=org.freedesktop.DBus, path=/org/freedesktop/DBus, member=ActivatableServicesChanged
WARNING: Unhandled message: interface=org.freedesktop.DBus, path=/org/freedesktop/DBus, member=ActivatableServicesChanged
WARNING: Unhandled message: interface=org.freedesktop.DBus, path=/org/freedesktop/DBus, member=ActivatableServicesChanged
WARNING: Unhandled message: interface=org.freedesktop.DBus, path=/org/freedesktop/DBus, member=ActivatableServicesChanged
WARNING: Unhandled message: interface=org.freedesktop.DBus, path=/org/freedesktop/DBus, member=ActivatableServicesChanged
WARNING: Unhandled message: interface=org.freedesktop.DBus, path=/org/freedesktop/DBus, member=ActivatableServicesChanged
WARNING: Unhandled message: interface=org.freedesktop.DBus, path=/org/freedesktop/DBus, member=ActivatableServicesChanged
WARNING: Unhandled message: interface=org.freedesktop.DBus, path=/org/freedesktop/DBus, member=ActivatableServicesChanged
WARNING: Unhandled message: interface=org.freedesktop.DBus, path=/org/freedesktop/DBus, member=ActivatableServicesChanged
WARNING: Unhandled message: interface=org.freedesktop.DBus, path=/org/freedesktop/DBus, member=ActivatableServicesChanged
WARNING: Unhandled message: interface=org.freedesktop.DBus, path=/org/freedesktop/DBus, member=ActivatableServicesChanged
WARNING: Unhandled message: interface=org.freedesktop.DBus, path=/org/freedesktop/DBus, member=ActivatableServicesChanged
WARNING: Unhandled message: interface=org.freedesktop.DBus, path=/org/freedesktop/DBus, member=ActivatableServicesChanged
Nov 05 17:07 : exception: Failed to decode /home/sachin/Music/N3WPORT - Power (feat. braev) [NCS Release].mp3; Failed to open '/home/sachin/Music/N3WPORT - Power (feat. braev) [NCS Release].mp3': No such file or directory
Nov 05 17:07 : player: played "N3WPORT - Power (feat. braev) [NCS Release].mp3"
Nov 05 17:07 : exception: Failed to decode /home/sachin/Music/NEFFEX - Grateful [Copyright Free].mp3; Failed to open '/home/sachin/Music/NEFFEX - Grateful [Copyright Free].mp3': No such file or directory
Nov 05 17:07 : player: played "NEFFEX - Grateful [Copyright Free].mp3"
Nov 05 17:07 : exception: Failed to decode /home/sachin/Music/Cartoon - On & On (feat. Daniel Levi) [NCS Release].mp3; Failed to open '/home/sachin/Music/Cartoon - On & On (feat. Daniel Levi) [NCS Release].mp3': No such file or directory
Nov 05 17:07 : player: played "Cartoon - On & On (feat. Daniel Levi) [NCS Release].mp3"
Nov 05 17:07 : exception: Failed to decode /home/sachin/Music/Culture Code - Make Me Move (feat. Karra) [NCS Release].mp3; Failed to open '/home/sachin/Music/Culture Code - Make Me Move (feat. Karra) [NCS Release].mp3': No such file or directory
Nov 05 17:07 : player: played "Culture Code - Make Me Move (feat. Karra) [NCS Release].mp3"
Nov 05 17:07 : exception: Failed to decode /home/sachin/Music/Janji - Heroes Tonight (feat. Johnning) [NCS Release].mp3; Failed to open '/home/sachin/Music/Janji - Heroes Tonight (feat. Johnning) [NCS Release].mp3': No such file or directory
Nov 05 17:07 : player: played "Janji - Heroes Tonight (feat. Johnning) [NCS Release].mp3"
Nov 06 08:23 : exception: Failed to decode /home/sachin/Music/N3WPORT - Power (feat. braev) [NCS Release].mp3; Failed to open '/home/sachin/Music/N3WPORT - Power (feat. braev) [NCS Release].mp3': No such file or directory
Nov 06 08:23 : player: played "N3WPORT - Power (feat. braev) [NCS Release].mp3"
Nov 06 08:23 : exception: Failed to decode /home/sachin/Music/NEFFEX - Grateful [Copyright Free].mp3; Failed to open '/home/sachin/Music/NEFFEX - Grateful [Copyright Free].mp3': No such file or directory
Nov 06 08:23 : player: played "NEFFEX - Grateful [Copyright Free].mp3"
Nov 06 08:23 : exception: Failed to decode /home/sachin/Music/Cartoon - On & On (feat. Daniel Levi) [NCS Release].mp3; Failed to open '/home/sachin/Music/Cartoon - On & On (feat. Daniel Levi) [NCS Release].mp3': No such file or directory
Nov 06 08:23 : player: played "Cartoon - On & On (feat. Daniel Levi) [NCS Release].mp3"
Nov 06 08:23 : exception: Failed to decode /home/sachin/Music/Culture Code - Make Me Move (feat. Karra) [NCS Release].mp3; Failed to open '/home/sachin/Music/Culture Code - Make Me Move (feat. Karra) [NCS Release].mp3': No such file or directory
Nov 06 08:23 : player: played "Culture Code - Make Me Move (feat. Karra) [NCS Release].mp3"
Nov 06 08:23 : exception: Failed to decode /home/sachin/Music/Janji - Heroes Tonight (feat. Johnning) [NCS Release].mp3; Failed to open '/home/sachin/Music/Janji - Heroes Tonight (feat. Johnning) [NCS Release].mp3': No such file or directory
Nov 06 08:23 : player: played "Janji - Heroes Tonight (feat. Johnning) [NCS Release].mp3"
Nov 06 08:24 : exception: Failed to decode /home/sachin/Music/NEFFEX - Grateful [Copyright Free].mp3; Failed to open '/home/sachin/Music/NEFFEX - Grateful [Copyright Free].mp3': No such file or directory
Nov 06 08:24 : player: played "NEFFEX - Grateful [Copyright Free].mp3"
Nov 06 08:24 : exception: Failed to decode /home/sachin/Music/Cartoon - On & On (feat. Daniel Levi) [NCS Release].mp3; Failed to open '/home/sachin/Music/Cartoon - On & On (feat. Daniel Levi) [NCS Release].mp3': No such file or directory
Nov 06 08:24 : player: played "Cartoon - On & On (feat. Daniel Levi) [NCS Release].mp3"
Nov 06 08:24 : exception: Failed to decode /home/sachin/Music/Culture Code - Make Me Move (feat. Karra) [NCS Release].mp3; Failed to open '/home/sachin/Music/Culture Code - Make Me Move (feat. Karra) [NCS Release].mp3': No such file or directory
Nov 06 08:24 : player: played "Culture Code - Make Me Move (feat. Karra) [NCS Release].mp3"
Nov 06 08:24 : exception: Failed to decode /home/sachin/Music/Janji - Heroes Tonight (feat. Johnning) [NCS Release].mp3; Failed to open '/home/sachin/Music/Janji - Heroes Tonight (feat. Johnning) [NCS Release].mp3': No such file or directory
Nov 06 08:24 : player: played "Janji - Heroes Tonight (feat. Johnning) [NCS Release].mp3"
Nov 06 08:24 : exception: Failed to decode /home/sachin/Music/N3WPORT - Power (feat. braev) [NCS Release].mp3; Failed to open '/home/sachin/Music/N3WPORT - Power (feat. braev) [NCS Release].mp3': No such file or directory
Nov 06 08:24 : player: played "N3WPORT - Power (feat. braev) [NCS Release].mp3"
Nov 06 08:24 : exception: Failed to decode /home/sachin/Music/Cartoon - On & On (feat. Daniel Levi) [NCS Release].mp3; Failed to open '/home/sachin/Music/Cartoon - On & On (feat. Daniel Levi) [NCS Release].mp3': No such file or directory
Nov 06 08:24 : player: played "Cartoon - On & On (feat. Daniel Levi) [NCS Release].mp3"
Nov 06 08:24 : exception: Failed to decode /home/sachin/Music/Culture Code - Make Me Move (feat. Karra) [NCS Release].mp3; Failed to open '/home/sachin/Music/Culture Code - Make Me Move (feat. Karra) [NCS Release].mp3': No such file or directory
Nov 06 08:24 : player: played "Culture Code - Make Me Move (feat. Karra) [NCS Release].mp3"
Nov 06 08:24 : exception: Failed to decode /home/sachin/Music/Janji - Heroes Tonight (feat. Johnning) [NCS Release].mp3; Failed to open '/home/sachin/Music/Janji - Heroes Tonight (feat. Johnning) [NCS Release].mp3': No such file or directory
Nov 06 08:24 : player: played "Janji - Heroes Tonight (feat. Johnning) [NCS Release].mp3"
Nov 06 08:24 : exception: Failed to decode /home/sachin/Music/N3WPORT - Power (feat. braev) [NCS Release].mp3; Failed to open '/home/sachin/Music/N3WPORT - Power (feat. braev) [NCS Release].mp3': No such file or directory
Nov 06 08:24 : player: played "N3WPORT - Power (feat. braev) [NCS Release].mp3"
Nov 06 08:24 : exception: Failed to decode /home/sachin/Music/NEFFEX - Grateful [Copyright Free].mp3; Failed to open '/home/sachin/Music/NEFFEX - Grateful [Copyright Free].mp3': No such file or directory
Nov 06 08:24 : player: played "NEFFEX - Grateful [Copyright Free].mp3"
Nov 07 16:00 : exception: Failed to decode /home/sachin/Music/Culture Code - Make Me Move (feat. Karra) [NCS Release].mp3; Failed to open '/home/sachin/Music/Culture Code - Make Me Move (feat. Karra) [NCS Release].mp3': No such file or directory
Nov 07 16:00 : player: played "Culture Code - Make Me Move (feat. Karra) [NCS Release].mp3"
Nov 07 16:00 : exception: Failed to decode /home/sachin/Music/Janji - Heroes Tonight (feat. Johnning) [NCS Release].mp3; Failed to open '/home/sachin/Music/Janji - Heroes Tonight (feat. Johnning) [NCS Release].mp3': No such file or directory
Nov 07 16:00 : player: played "Janji - Heroes Tonight (feat. Johnning) [NCS Release].mp3"
Nov 07 16:00 : exception: Failed to decode /home/sachin/Music/N3WPORT - Power (feat. braev) [NCS Release].mp3; Failed to open '/home/sachin/Music/N3WPORT - Power (feat. braev) [NCS Release].mp3': No such file or directory
Nov 07 16:00 : player: played "N3WPORT - Power (feat. braev) [NCS Release].mp3"
Nov 07 16:00 : exception: Failed to decode /home/sachin/Music/NEFFEX - Grateful [Copyright Free].mp3; Failed to open '/home/sachin/Music/NEFFEX - Grateful [Copyright Free].mp3': No such file or directory
Nov 07 16:00 : player: played "NEFFEX - Grateful [Copyright Free].mp3"
Nov 07 16:00 : exception: Failed to decode /home/sachin/Music/Cartoon - On & On (feat. Daniel Levi) [NCS Release].mp3; Failed to open '/home/sachin/Music/Cartoon - On & On (feat. Daniel Levi) [NCS Release].mp3': No such file or directory
Nov 07 16:00 : player: played "Cartoon - On & On (feat. Daniel Levi) [NCS Release].mp3"
Nov 07 16:00 : exception: Failed to decode /home/sachin/Music/Janji - Heroes Tonight (feat. Johnning) [NCS Release].mp3; Failed to open '/home/sachin/Music/Janji - Heroes Tonight (feat. Johnning) [NCS Release].mp3': No such file or directory
Nov 07 16:00 : exception: Failed to decode /home/sachin/Music/N3WPORT - Power (feat. braev) [NCS Release].mp3; Failed to open '/home/sachin/Music/N3WPORT - Power (feat. braev) [NCS Release].mp3': No such file or directory
Nov 07 16:00 : player: played "Janji - Heroes Tonight (feat. Johnning) [NCS Release].mp3"
Nov 07 16:00 : exception: Failed to decode /home/sachin/Music/N3WPORT - Power (feat. braev) [NCS Release].mp3; Failed to open '/home/sachin/Music/N3WPORT - Power (feat. braev) [NCS Release].mp3': No such file or directory
Nov 07 16:00 : player: played "N3WPORT - Power (feat. braev) [NCS Release].mp3"
Nov 07 16:00 : exception: Failed to decode /home/sachin/Music/NEFFEX - Grateful [Copyright Free].mp3; Failed to open '/home/sachin/Music/NEFFEX - Grateful [Copyright Free].mp3': No such file or directory
Nov 07 16:00 : player: played "NEFFEX - Grateful [Copyright Free].mp3"
Nov 07 16:00 : exception: Failed to decode /home/sachin/Music/Cartoon - On & On (feat. Daniel Levi) [NCS Release].mp3; Failed to open '/home/sachin/Music/Cartoon - On & On (feat. Daniel Levi) [NCS Release].mp3': No such file or directory
Nov 07 16:00 : player: played "Cartoon - On & On (feat. Daniel Levi) [NCS Release].mp3"
Nov 07 16:00 : exception: Failed to decode /home/sachin/Music/Culture Code - Make Me Move (feat. Karra) [NCS Release].mp3; Failed to open '/home/sachin/Music/Culture Code - Make Me Move (feat. Karra) [NCS Release].mp3': No such file or directory
Nov 07 16:00 : player: played "Culture Code - Make Me Move (feat. Karra) [NCS Release].mp3"
Nov 07 16:00 : exception: Failed to decode /home/sachin/Music/Janji - Heroes Tonight (feat. Johnning) [NCS Release].mp3; Failed to open '/home/sachin/Music/Janji - Heroes Tonight (feat. Johnning) [NCS Release].mp3': No such file or directory
Nov 07 16:00 : exception: Failed to decode /home/sachin/Music/N3WPORT - Power (feat. braev) [NCS Release].mp3; Failed to open '/home/sachin/Music/N3WPORT - Power (feat. braev) [NCS Release].mp3': No such file or directory
Nov 07 16:00 : player: played "Janji - Heroes Tonight (feat. Johnning) [NCS Release].mp3"
Nov 07 16:00 : exception: Failed to decode /home/sachin/Music/NEFFEX - Grateful [Copyright Free].mp3; Failed to open '/home/sachin/Music/NEFFEX - Grateful [Copyright Free].mp3': No such file or directory
Nov 07 16:00 : player: played "NEFFEX - Grateful [Copyright Free].mp3"
Nov 07 16:00 : exception: Failed to decode /home/sachin/Music/Cartoon - On & On (feat. Daniel Levi) [NCS Release].mp3; Failed to open '/home/sachin/Music/Cartoon - On & On (feat. Daniel Levi) [NCS Release].mp3': No such file or directory
Nov 07 16:00 : player: played "Cartoon - On & On (feat. Daniel Levi) [NCS Release].mp3"
Nov 07 16:00 : exception: Failed to decode /home/sachin/Music/Culture Code - Make Me Move (feat. Karra) [NCS Release].mp3; Failed to open '/home/sachin/Music/Culture Code - Make Me Move (feat. Karra) [NCS Release].mp3': No such file or directory
Nov 07 16:00 : player: played "Culture Code - Make Me Move (feat. Karra) [NCS Release].mp3"
Nov 07 16:00 : exception: Failed to decode /home/sachin/Music/Janji - Heroes Tonight (feat. Johnning) [NCS Release].mp3; Failed to open '/home/sachin/Music/Janji - Heroes Tonight (feat. Johnning) [NCS Release].mp3': No such file or directory
Nov 07 16:00 : player: played "Janji - Heroes Tonight (feat. Johnning) [NCS Release].mp3"
Nov 07 16:00 : exception: Failed to decode /home/sachin/Music/N3WPORT - Power (feat. braev) [NCS Release].mp3; Failed to open '/home/sachin/Music/N3WPORT - Power (feat. braev) [NCS Release].mp3': No such file or directory
Nov 07 16:00 : player: played "N3WPORT - Power (feat. braev) [NCS Release].mp3"
Nov 07 16:00 : exception: Failed to decode /home/sachin/Music/NEFFEX - Grateful [Copyright Free].mp3; Failed to open '/home/sachin/Music/NEFFEX - Grateful [Copyright Free].mp3': No such file or directory
Nov 07 16:00 : player: played "NEFFEX - Grateful [Copyright Free].mp3"
Nov 07 16:00 : exception: Failed to decode /home/sachin/Music/Cartoon - On & On (feat. Daniel Levi) [NCS Release].mp3; Failed to open '/home/sachin/Music/Cartoon - On & On (feat. Daniel Levi) [NCS Release].mp3': No such file or directory
Nov 07 16:00 : player: played "Cartoon - On & On (feat. Daniel Levi) [NCS Release].mp3"
Nov 07 16:00 : exception: Failed to decode /home/sachin/Music/Culture Code - Make Me Move (feat. Karra) [NCS Release].mp3; Failed to open '/home/sachin/Music/Culture Code - Make Me Move (feat. Karra) [NCS Release].mp3': No such file or directory
Nov 07 16:00 : player: played "Culture Code - Make Me Move (feat. Karra) [NCS Release].mp3"
Nov 07 16:00 : exception: Failed to decode /home/sachin/Music/Janji - Heroes Tonight (feat. Johnning) [NCS Release].mp3; Failed to open '/home/sachin/Music/Janji - Heroes Tonight (feat. Johnning) [NCS Release].mp3': No such file or directory
Nov 07 16:00 : exception: Failed to decode /home/sachin/Music/N3WPORT - Power (feat. braev) [NCS Release].mp3; Failed to open '/home/sachin/Music/N3WPORT - Power (feat. braev) [NCS Release].mp3': No such file or directory
Nov 07 16:00 : player: played "Janji - Heroes Tonight (feat. Johnning) [NCS Release].mp3"
Nov 07 16:00 : exception: Failed to decode /home/sachin/Music/N3WPORT - Power (feat. braev) [NCS Release].mp3; Failed to open '/home/sachin/Music/N3WPORT - Power (feat. braev) [NCS Release].mp3': No such file or directory
Nov 07 16:00 : player: played "N3WPORT - Power (feat. braev) [NCS Release].mp3"
Nov 07 16:00 : exception: Failed to decode /home/sachin/Music/NEFFEX - Grateful [Copyright Free].mp3; Failed to open '/home/sachin/Music/NEFFEX - Grateful [Copyright Free].mp3': No such file or directory
Nov 07 16:00 : exception: Failed to decode /home/sachin/Music/Cartoon - On & On (feat. Daniel Levi) [NCS Release].mp3; Failed to open '/home/sachin/Music/Cartoon - On & On (feat. Daniel Levi) [NCS Release].mp3': No such file or directory
Nov 07 16:00 : player: played "NEFFEX - Grateful [Copyright Free].mp3"
Nov 07 16:00 : exception: Failed to decode /home/sachin/Music/Cartoon - On & On (feat. Daniel Levi) [NCS Release].mp3; Failed to open '/home/sachin/Music/Cartoon - On & On (feat. Daniel Levi) [NCS Release].mp3': No such file or directory
Nov 07 16:00 : player: played "Cartoon - On & On (feat. Daniel Levi) [NCS Release].mp3"
Nov 07 16:00 : exception: Failed to decode /home/sachin/Music/Culture Code - Make Me Move (feat. Karra) [NCS Release].mp3; Failed to open '/home/sachin/Music/Culture Code - Make Me Move (feat. Karra) [NCS Release].mp3': No such file or directory
Nov 07 16:00 : player: played "Culture Code - Make Me Move (feat. Karra) [NCS Release].mp3"
Nov 07 16:00 : exception: Failed to decode /home/sachin/Music/Janji - Heroes Tonight (feat. Johnning) [NCS Release].mp3; Failed to open '/home/sachin/Music/Janji - Heroes Tonight (feat. Johnning) [NCS Release].mp3': No such file or directory
Nov 07 16:00 : player: played "Janji - Heroes Tonight (feat. Johnning) [NCS Release].mp3"
Nov 07 16:00 : exception: Failed to decode /home/sachin/Music/N3WPORT - Power (feat. braev) [NCS Release].mp3; Failed to open '/home/sachin/Music/N3WPORT - Power (feat. braev) [NCS Release].mp3': No such file or directory
Nov 07 16:00 : player: played "N3WPORT - Power (feat. braev) [NCS Release].mp3"
Nov 07 16:00 : exception: Failed to decode /home/sachin/Music/NEFFEX - Grateful [Copyright Free].mp3; Failed to open '/home/sachin/Music/NEFFEX - Grateful [Copyright Free].mp3': No such file or directory
Nov 07 16:00 : player: played "NEFFEX - Grateful [Copyright Free].mp3"
Nov 07 16:00 : exception: Failed to decode /home/sachin/Music/Cartoon - On & On (feat. Daniel Levi) [NCS Release].mp3; Failed to open '/home/sachin/Music/Cartoon - On & On (feat. Daniel Levi) [NCS Release].mp3': No such file or directory
Nov 07 16:00 : player: played "Cartoon - On & On (feat. Daniel Levi) [NCS Release].mp3"
Nov 07 16:00 : exception: Failed to decode /home/sachin/Music/Culture Code - Make Me Move (feat. Karra) [NCS Release].mp3; Failed to open '/home/sachin/Music/Culture Code - Make Me Move (feat. Karra) [NCS Release].mp3': No such file or directory
Nov 07 16:00 : player: played "Culture Code - Make Me Move (feat. Karra) [NCS Release].mp3"
Nov 07 16:00 : exception: Failed to decode /home/sachin/Music/Janji - Heroes Tonight (feat. Johnning) [NCS Release].mp3; Failed to open '/home/sachin/Music/Janji - Heroes Tonight (feat. Johnning) [NCS Release].mp3': No such file or directory
Nov 07 16:00 : player: played "Janji - Heroes Tonight (feat. Johnning) [NCS Release].mp3"
Nov 07 16:00 : exception: Failed to decode /home/sachin/Music/N3WPORT - Power (feat. braev) [NCS Release].mp3; Failed to open '/home/sachin/Music/N3WPORT - Power (feat. braev) [NCS Release].mp3': No such file or directory
Nov 07 16:00 : player: played "N3WPORT - Power (feat. braev) [NCS Release].mp3"
Nov 07 16:00 : exception: Failed to decode /home/sachin/Music/NEFFEX - Grateful [Copyright Free].mp3; Failed to open '/home/sachin/Music/NEFFEX - Grateful [Copyright Free].mp3': No such file or directory
Nov 07 16:00 : player: played "NEFFEX - Grateful [Copyright Free].mp3"
Nov 07 16:00 : exception: Failed to decode /home/sachin/Music/Cartoon - On & On (feat. Daniel Levi) [NCS Release].mp3; Failed to open '/home/sachin/Music/Cartoon - On & On (feat. Daniel Levi) [NCS Release].mp3': No such file or directory
Nov 07 16:00 : player: played "Cartoon - On & On (feat. Daniel Levi) [NCS Release].mp3"
Nov 07 16:00 : exception: Failed to decode /home/sachin/Music/Culture Code - Make Me Move (feat. Karra) [NCS Release].mp3; Failed to open '/home/sachin/Music/Culture Code - Make Me Move (feat. Karra) [NCS Release].mp3': No such file or directory
Nov 07 16:00 : player: played "Culture Code - Make Me Move (feat. Karra) [NCS Release].mp3"
Nov 07 16:00 : exception: Failed to decode /home/sachin/Music/Janji - Heroes Tonight (feat. Johnning) [NCS Release].mp3; Failed to open '/home/sachin/Music/Janji - Heroes Tonight (feat. Johnning) [NCS Release].mp3': No such file or directory
Nov 07 16:00 : player: played "Janji - Heroes Tonight (feat. Johnning) [NCS Release].mp3"
Nov 07 16:00 : exception: Failed to decode /home/sachin/Music/N3WPORT - Power (feat. braev) [NCS Release].mp3; Failed to open '/home/sachin/Music/N3WPORT - Power (feat. braev) [NCS Release].mp3': No such file or directory
Nov 07 16:00 : player: played "N3WPORT - Power (feat. braev) [NCS Release].mp3"
Nov 07 16:00 : exception: Failed to decode /home/sachin/Music/NEFFEX - Grateful [Copyright Free].mp3; Failed to open '/home/sachin/Music/NEFFEX - Grateful [Copyright Free].mp3': No such file or directory
Nov 07 16:00 : player: played "NEFFEX - Grateful [Copyright Free].mp3"
Nov 07 16:00 : exception: Failed to decode /home/sachin/Music/Cartoon - On & On (feat. Daniel Levi) [NCS Release].mp3; Failed to open '/home/sachin/Music/Cartoon - On & On (feat. Daniel Levi) [NCS Release].mp3': No such file or directory
Nov 07 16:00 : player: played "Cartoon - On & On (feat. Daniel Levi) [NCS Release].mp3"
Nov 07 16:00 : exception: Failed to decode /home/sachin/Music/Culture Code - Make Me Move (feat. Karra) [NCS Release].mp3; Failed to open '/home/sachin/Music/Culture Code - Make Me Move (feat. Karra) [NCS Release].mp3': No such file or directory
Nov 07 16:00 : player: played "Culture Code - Make Me Move (feat. Karra) [NCS Release].mp3"
Nov 07 16:00 : exception: Failed to decode /home/sachin/Music/Janji - Heroes Tonight (feat. Johnning) [NCS Release].mp3; Failed to open '/home/sachin/Music/Janji - Heroes Tonight (feat. Johnning) [NCS Release].mp3': No such file or directory
Nov 07 16:00 : player: played "Janji - Heroes Tonight (feat. Johnning) [NCS Release].mp3"
Nov 07 16:00 : exception: Failed to decode /home/sachin/Music/N3WPORT - Power (feat. braev) [NCS Release].mp3; Failed to open '/home/sachin/Music/N3WPORT - Power (feat. braev) [NCS Release].mp3': No such file or directory
Nov 07 16:00 : player: played "N3WPORT - Power (feat. braev) [NCS Release].mp3"
Nov 07 16:00 : exception: Failed to decode /home/sachin/Music/NEFFEX - Grateful [Copyright Free].mp3; Failed to open '/home/sachin/Music/NEFFEX - Grateful [Copyright Free].mp3': No such file or directory
Nov 07 16:00 : exception: Failed to decode /home/sachin/Music/Cartoon - On & On (feat. Daniel Levi) [NCS Release].mp3; Failed to open '/home/sachin/Music/Cartoon - On & On (feat. Daniel Levi) [NCS Release].mp3': No such file or directory
Nov 07 16:00 : player: played "NEFFEX - Grateful [Copyright Free].mp3"
Nov 07 16:00 : exception: Failed to decode /home/sachin/Music/Cartoon - On & On (feat. Daniel Levi) [NCS Release].mp3; Failed to open '/home/sachin/Music/Cartoon - On & On (feat. Daniel Levi) [NCS Release].mp3': No such file or directory
Nov 07 16:00 : player: played "Cartoon - On & On (feat. Daniel Levi) [NCS Release].mp3"
Nov 07 16:00 : exception: Failed to decode /home/sachin/Music/Culture Code - Make Me Move (feat. Karra) [NCS Release].mp3; Failed to open '/home/sachin/Music/Culture Code - Make Me Move (feat. Karra) [NCS Release].mp3': No such file or directory
Nov 07 16:00 : player: played "Culture Code - Make Me Move (feat. Karra) [NCS Release].mp3"
Nov 07 16:00 : exception: Failed to decode /home/sachin/Music/Janji - Heroes Tonight (feat. Johnning) [NCS Release].mp3; Failed to open '/home/sachin/Music/Janji - Heroes Tonight (feat. Johnning) [NCS Release].mp3': No such file or directory
Nov 07 16:00 : player: played "Janji - Heroes Tonight (feat. Johnning) [NCS Release].mp3"
Nov 07 16:00 : exception: Failed to decode /home/sachin/Music/N3WPORT - Power (feat. braev) [NCS Release].mp3; Failed to open '/home/sachin/Music/N3WPORT - Power (feat. braev) [NCS Release].mp3': No such file or directory
Nov 07 16:00 : player: played "N3WPORT - Power (feat. braev) [NCS Release].mp3"
Nov 07 16:01 : exception: Failed to decode /home/sachin/Music/Cartoon - On & On (feat. Daniel Levi) [NCS Release].mp3; Failed to open '/home/sachin/Music/Cartoon - On & On (feat. Daniel Levi) [NCS Release].mp3': No such file or directory
Nov 07 16:01 : player: played "Cartoon - On & On (feat. Daniel Levi) [NCS Release].mp3"
Nov 07 16:01 : exception: Failed to decode /home/sachin/Music/Culture Code - Make Me Move (feat. Karra) [NCS Release].mp3; Failed to open '/home/sachin/Music/Culture Code - Make Me Move (feat. Karra) [NCS Release].mp3': No such file or directory
Nov 07 16:01 : player: played "Culture Code - Make Me Move (feat. Karra) [NCS Release].mp3"
Nov 07 16:01 : exception: Failed to decode /home/sachin/Music/Janji - Heroes Tonight (feat. Johnning) [NCS Release].mp3; Failed to open '/home/sachin/Music/Janji - Heroes Tonight (feat. Johnning) [NCS Release].mp3': No such file or directory
Nov 07 16:01 : player: played "Janji - Heroes Tonight (feat. Johnning) [NCS Release].mp3"
Nov 07 16:01 : exception: Failed to decode /home/sachin/Music/N3WPORT - Power (feat. braev) [NCS Release].mp3; Failed to open '/home/sachin/Music/N3WPORT - Power (feat. braev) [NCS Release].mp3': No such file or directory
Nov 07 16:01 : player: played "N3WPORT - Power (feat. braev) [NCS Release].mp3"
Nov 07 16:01 : exception: Failed to decode /home/sachin/Music/NEFFEX - Grateful [Copyright Free].mp3; Failed to open '/home/sachin/Music/NEFFEX - Grateful [Copyright Free].mp3': No such file or directory
Nov 07 16:01 : player: played "NEFFEX - Grateful [Copyright Free].mp3"
Nov 13 19:03 : player: played "N3WPORT - Power (feat. braev) [NCS Release].mp3"
Nov 13 19:04 : player: played "NEFFEX - Grateful [Copyright Free].mp3"
Nov 13 19:04 : player: played "Culture Code - Make Me Move (feat. Karra) [NCS Release].mp3"
Nov 13 19:15 : player: played "Culture Code - Make Me Move (feat. Karra) [NCS Release].mp3"
WARNING: Unhandled message: interface=org.freedesktop.DBus, path=/org/freedesktop/DBus, member=ActivatableServicesChanged
WARNING: Unhandled message: interface=org.freedesktop.DBus, path=/org/freedesktop/DBus, member=ActivatableServicesChanged
WARNING: Unhandled message: interface=org.freedesktop.DBus, path=/org/freedesktop/DBus, member=ActivatableServicesChanged
WARNING: Unhandled message: interface=org.freedesktop.DBus, path=/org/freedesktop/DBus, member=ActivatableServicesChanged
WARNING: Unhandled message: interface=org.freedesktop.DBus, path=/org/freedesktop/DBus, member=ActivatableServicesChanged
WARNING: Unhandled message: interface=org.freedesktop.DBus, path=/org/freedesktop/DBus, member=ActivatableServicesChanged
WARNING: Unhandled message: interface=org.freedesktop.DBus, path=/org/freedesktop/DBus, member=ActivatableServicesChanged
WARNING: Unhandled message: interface=org.freedesktop.DBus, path=/org/freedesktop/DBus, member=ActivatableServicesChanged
WARNING: Unhandled message: interface=org.freedesktop.DBus, path=/org/freedesktop/DBus, member=ActivatableServicesChanged
WARNING: Unhandled message: interface=org.freedesktop.DBus, path=/org/freedesktop/DBus, member=ActivatableServicesChanged
WARNING: Unhandled message: interface=org.freedesktop.DBus, path=/org/freedesktop/DBus, member=ActivatableServicesChanged
WARNING: Unhandled message: interface=org.freedesktop.DBus, path=/org/freedesktop/DBus, member=ActivatableServicesChanged
WARNING: Unhandled message: interface=org.freedesktop.DBus, path=/org/freedesktop/DBus, member=ActivatableServicesChanged
WARNING: Unhandled message: interface=org.freedesktop.DBus, path=/org/freedesktop/DBus, member=ActivatableServicesChanged
WARNING: Unhandled message: interface=org.freedesktop.DBus, path=/org/freedesktop/DBus, member=ActivatableServicesChanged
WARNING: Unhandled message: interface=org.freedesktop.DBus, path=/org/freedesktop/DBus, member=ActivatableServicesChanged
WARNING: Unhandled message: interface=org.freedesktop.DBus, path=/org/freedesktop/DBus, member=ActivatableServicesChanged
WARNING: Unhandled message: interface=org.freedesktop.DBus, path=/org/freedesktop/DBus, member=ActivatableServicesChanged
WARNING: Unhandled message: interface=org.freedesktop.DBus, path=/org/freedesktop/DBus, member=ActivatableServicesChanged
WARNING: Unhandled message: interface=org.freedesktop.DBus, path=/org/freedesktop/DBus, member=ActivatableServicesChanged
WARNING: Unhandled message: interface=org.freedesktop.DBus, path=/org/freedesktop/DBus, member=ActivatableServicesChanged
WARNING: Unhandled message: interface=org.freedesktop.DBus, path=/org/freedesktop/DBus, member=ActivatableServicesChanged
WARNING: Unhandled message: interface=org.freedesktop.DBus, path=/org/freedesktop/DBus, member=ActivatableServicesChanged
Nov 18 17:24 : player: played "Culture Code - Make Me Move (feat. Karra) [NCS Release].mp3"
Nov 18 20:09 : player: played "Culture Code - Make Me Move (feat. Karra) [NCS Release].mp3"
Nov 18 23:26 : player: played "Culture Code - Make Me Move (feat. Karra) [NCS Release].mp3"
Nov 19 22:48 : player: played "Culture Code - Make Me Move (feat. Karra) [NCS Release].mp3"
Nov 20 22:10 : player: played "Culture Code - Make Me Move (feat. Karra) [NCS Release].mp3"
Nov 21 21:38 : player: played "Culture Code - Make Me Move (feat. Karra) [NCS Release].mp3"
Nov 21 22:33 : player: played "Culture Code - Make Me Move (feat. Karra) [NCS Release].mp3"
Nov 22 21:46 : player: played "Culture Code - Make Me Move (feat. Karra) [NCS Release].mp3"
Nov 23 09:18 : player: played "Culture Code - Make Me Move (feat. Karra) [NCS Release].mp3"
Nov 23 22:45 : player: played "Culture Code - Make Me Move (feat. Karra) [NCS Release].mp3"
Nov 24 23:01 : player: played "Culture Code - Make Me Move (feat. Karra) [NCS Release].mp3"
Nov 25 22:58 : player: played "Culture Code - Make Me Move (feat. Karra) [NCS Release].mp3"
Nov 26 11:51 : player: played "Culture Code - Make Me Move (feat. Karra) [NCS Release].mp3"
Nov 26 12:33 : player: played "Culture Code - Make Me Move (feat. Karra) [NCS Release].mp3"
Nov 26 13:42 : player: played "Culture Code - Make Me Move (feat. Karra) [NCS Release].mp3"
Nov 26 15:05 : player: played "Culture Code - Make Me Move (feat. Karra) [NCS Release].mp3"
Nov 26 18:48 : player: played "Culture Code - Make Me Move (feat. Karra) [NCS Release].mp3"
Nov 26 23:32 : player: played "Culture Code - Make Me Move (feat. Karra) [NCS Release].mp3"
Nov 27 18:01 : player: played "Culture Code - Make Me Move (feat. Karra) [NCS Release].mp3"
Nov 27 18:07 : player: played "Culture Code - Make Me Move (feat. Karra) [NCS Release].mp3"
Nov 27 19:40 : player: played "Culture Code - Make Me Move (feat. Karra) [NCS Release].mp3"
Nov 27 19:55 : player: played "Culture Code - Make Me Move (feat. Karra) [NCS Release].mp3"
Nov 27 20:19 : player: played "Culture Code - Make Me Move (feat. Karra) [NCS Release].mp3"
Nov 27 20:27 : player: played "Culture Code - Make Me Move (feat. Karra) [NCS Release].mp3"
Nov 27 20:43 : player: played "Culture Code - Make Me Move (feat. Karra) [NCS Release].mp3"
Nov 27 22:05 : player: played "Culture Code - Make Me Move (feat. Karra) [NCS Release].mp3"
Nov 27 22:23 : player: played "Culture Code - Make Me Move (feat. Karra) [NCS Release].mp3"
Nov 27 22:47 : player: played "Culture Code - Make Me Move (feat. Karra) [NCS Release].mp3"
Nov 28 08:01 : player: played "Culture Code - Make Me Move (feat. Karra) [NCS Release].mp3"
Nov 28 08:58 : player: played "Culture Code - Make Me Move (feat. Karra) [NCS Release].mp3"
Nov 29 00:25 : player: played "Culture Code - Make Me Move (feat. Karra) [NCS Release].mp3"
Nov 29 10:34 : player: played "Culture Code - Make Me Move (feat. Karra) [NCS Release].mp3"
WARNING: Unhandled message: interface=org.freedesktop.DBus, path=/org/freedesktop/DBus, member=ActivatableServicesChanged
WARNING: Unhandled message: interface=org.freedesktop.DBus, path=/org/freedesktop/DBus, member=ActivatableServicesChanged
WARNING: Unhandled message: interface=org.freedesktop.DBus, path=/org/freedesktop/DBus, member=ActivatableServicesChanged
WARNING: Unhandled message: interface=org.freedesktop.DBus, path=/org/freedesktop/DBus, member=ActivatableServicesChanged
WARNING: Unhandled message: interface=org.freedesktop.DBus, path=/org/freedesktop/DBus, member=ActivatableServicesChanged
WARNING: Unhandled message: interface=org.freedesktop.DBus, path=/org/freedesktop/DBus, member=ActivatableServicesChanged
Nov 29 23:30 : player: played "Culture Code - Make Me Move (feat. Karra) [NCS Release].mp3"
Nov 30 11:00 : player: played "Janji - Heroes Tonight (feat. Johnning) [NCS Release].mp3"
Nov 30 21:37 : player: played "Janji - Heroes Tonight (feat. Johnning) [NCS Release].mp3"
Nov 30 21:51 : player: played "Janji - Heroes Tonight (feat. Johnning) [NCS Release].mp3"
Nov 30 22:41 : player: played "Janji - Heroes Tonight (feat. Johnning) [NCS Release].mp3"
Dec 01 10:56 : player: played "Janji - Heroes Tonight (feat. Johnning) [NCS Release].mp3"
Dec 01 23:50 : player: played "Janji - Heroes Tonight (feat. Johnning) [NCS Release].mp3"
Dec 02 17:17 : player: played "Janji - Heroes Tonight (feat. Johnning) [NCS Release].mp3"
Dec 02 17:42 : player: played "Janji - Heroes Tonight (feat. Johnning) [NCS Release].mp3"
Dec 02 23:55 : player: played "Janji - Heroes Tonight (feat. Johnning) [NCS Release].mp3"
Dec 03 10:55 : player: played "Janji - Heroes Tonight (feat. Johnning) [NCS Release].mp3"
Dec 03 11:01 : player: played "Janji - Heroes Tonight (feat. Johnning) [NCS Release].mp3"
Dec 03 11:04 : player: played "N3WPORT - Power (feat. braev) [NCS Release].mp3"
WARNING: Unhandled message: interface=org.freedesktop.DBus, path=/org/freedesktop/DBus, member=ActivatableServicesChanged
WARNING: Unhandled message: interface=org.freedesktop.DBus, path=/org/freedesktop/DBus, member=ActivatableServicesChanged
WARNING: Unhandled message: interface=org.freedesktop.DBus, path=/org/freedesktop/DBus, member=ActivatableServicesChanged
WARNING: Unhandled message: interface=org.freedesktop.DBus, path=/org/freedesktop/DBus, member=ActivatableServicesChanged
WARNING: Unhandled message: interface=org.freedesktop.DBus, path=/org/freedesktop/DBus, member=ActivatableServicesChanged
WARNING: Unhandled message: interface=org.freedesktop.DBus, path=/org/freedesktop/DBus, member=ActivatableServicesChanged
Dec 04 20:21 : player: played "NEFFEX - Grateful [Copyright Free].mp3"
Dec 04 20:54 : player: played "NEFFEX - Grateful [Copyright Free].mp3"
Dec 05 10:06 : player: played "NEFFEX - Grateful [Copyright Free].mp3"
Dec 05 22:43 : player: played "NEFFEX - Grateful [Copyright Free].mp3"
Dec 06 06:15 : player: played "NEFFEX - Grateful [Copyright Free].mp3"
Dec 06 20:54 : player: played "NEFFEX - Grateful [Copyright Free].mp3"
Dec 07 10:27 : player: played "NEFFEX - Grateful [Copyright Free].mp3"
Dec 07 17:50 : player: played "NEFFEX - Grateful [Copyright Free].mp3"
Dec 07 22:11 : player: played "NEFFEX - Grateful [Copyright Free].mp3"
Dec 08 21:47 : player: played "NEFFEX - Grateful [Copyright Free].mp3"
Dec 09 10:14 : player: played "NEFFEX - Grateful [Copyright Free].mp3"
Dec 09 10:32 : player: played "NEFFEX - Grateful [Copyright Free].mp3"
Dec 09 20:09 : player: played "NEFFEX - Grateful [Copyright Free].mp3"
